c:\users\cw\desktop\new folder\flappy bird\flappy bird\x64\debug\vc143.pdb
c:\users\cw\desktop\new folder\flappy bird\flappy bird\x64\debug\vc143.idb
c:\users\cw\desktop\new folder\flappy bird\flappy bird\x64\debug\game.obj
c:\users\cw\desktop\new folder\flappy bird\x64\debug\raylib.dll
c:\users\cw\desktop\new folder\flappy bird\x64\debug\glfw3.dll
c:\users\cw\desktop\new folder\flappy bird\flappy bird\x64\debug\flappy bird.ilk
c:\users\cw\desktop\new folder\flappy bird\x64\debug\flappy bird.pdb
c:\users\cw\desktop\new folder\flappy bird\flappy bird\x64\debug\flappy bird.tlog\cl.command.1.tlog
c:\users\cw\desktop\new folder\flappy bird\flappy bird\x64\debug\flappy bird.tlog\cl.items.tlog
c:\users\cw\desktop\new folder\flappy bird\flappy bird\x64\debug\flappy bird.tlog\cl.read.1.tlog
c:\users\cw\desktop\new folder\flappy bird\flappy bird\x64\debug\flappy bird.tlog\cl.write.1.tlog
c:\users\cw\desktop\new folder\flappy bird\flappy bird\x64\debug\flappy bird.tlog\flappy bird.write.1u.tlog
c:\users\cw\desktop\new folder\flappy bird\flappy bird\x64\debug\flappy bird.tlog\link-cvtres.read.1.tlog
c:\users\cw\desktop\new folder\flappy bird\flappy bird\x64\debug\flappy bird.tlog\link-cvtres.write.1.tlog
c:\users\cw\desktop\new folder\flappy bird\flappy bird\x64\debug\flappy bird.tlog\link-rc.read.1.tlog
c:\users\cw\desktop\new folder\flappy bird\flappy bird\x64\debug\flappy bird.tlog\link-rc.write.1.tlog
c:\users\cw\desktop\new folder\flappy bird\flappy bird\x64\debug\flappy bird.tlog\link.15636-cvtres.read.1.tlog
c:\users\cw\desktop\new folder\flappy bird\flappy bird\x64\debug\flappy bird.tlog\link.15636-cvtres.write.1.tlog
c:\users\cw\desktop\new folder\flappy bird\flappy bird\x64\debug\flappy bird.tlog\link.15636-rc.read.1.tlog
c:\users\cw\desktop\new folder\flappy bird\flappy bird\x64\debug\flappy bird.tlog\link.15636-rc.write.1.tlog
c:\users\cw\desktop\new folder\flappy bird\flappy bird\x64\debug\flappy bird.tlog\link.15636.read.1.tlog
c:\users\cw\desktop\new folder\flappy bird\flappy bird\x64\debug\flappy bird.tlog\link.15636.read.2.tlog
c:\users\cw\desktop\new folder\flappy bird\flappy bird\x64\debug\flappy bird.tlog\link.15636.write.1.tlog
c:\users\cw\desktop\new folder\flappy bird\flappy bird\x64\debug\flappy bird.tlog\link.command.1.tlog
c:\users\cw\desktop\new folder\flappy bird\flappy bird\x64\debug\flappy bird.tlog\link.read.1.tlog
c:\users\cw\desktop\new folder\flappy bird\flappy bird\x64\debug\flappy bird.tlog\link.read.2.tlog
c:\users\cw\desktop\new folder\flappy bird\flappy bird\x64\debug\flappy bird.tlog\link.secondary.1.tlog
c:\users\cw\desktop\new folder\flappy bird\flappy bird\x64\debug\flappy bird.tlog\link.write.1.tlog
